2018-05-06 02:49:38 +0000  Initial pipeline context: <IDEDistributionProcessingPipelineContext: 0x7fc8083b54c0; archive(resolved)='<IDEArchive: 0x7fc803ef6840>', distributionTask(resolved)='0', distributionMethod(resolved)='<IDEDistributionMethodiOSAppStoreValidation: 0x7fc803acafd0>', team(resolved)='<IDEProvisioningBasicTeam: 0x7fc808f65b10; teamID='72J3HQ2E78', teamName='SYNC RETAIL, S. DE R.L. DE C.V.'>'>
	Chain (11, self inclusive):
	<IDEDistributionProcessingPipelineContext: 0x7fc8083b54c0; archive = '<IDEArchive: 0x7fc803ef6840>', distributionMethod='<IDEDistributionMethodiOSAppStoreValidation: 0x7fc803acafd0>', team='<IDEProvisioningBasicTeam: 0x7fc808f65b10; teamID='72J3HQ2E78', teamName='SYNC RETAIL, S. DE R.L. DE C.V.'>'>
	<IDEDistributionProcessingPipelineContext: 0x7fc80a748410; archive = '<IDEArchive: 0x7fc803ef6840>', distributionMethod='<IDEDistributionMethodiOSAppStoreValidation: 0x7fc803acafd0>', team='<IDEProvisioningBasicTeam: 0x7fc808f65b10; teamID='72J3HQ2E78', teamName='SYNC RETAIL, S. DE R.L. DE C.V.'>'>
	<IDEDistributionContext: 0x7fc808f52cf0; archive = '<IDEArchive: 0x7fc803ef6840>', distributionMethod='<IDEDistributionMethodiOSAppStoreValidation: 0x7fc803acafd0>', team='<IDEProvisioningBasicTeam: 0x7fc808f65b10; teamID='72J3HQ2E78', teamName='SYNC RETAIL, S. DE R.L. DE C.V.'>'>
	<IDEDistributionContext: 0x7fc808f8b980; archive = '<IDEArchive: 0x7fc803ef6840>', distributionMethod='<IDEDistributionMethodiOSAppStoreValidation: 0x7fc803acafd0>', team='<IDEProvisioningBasicTeam: 0x7fc808f65b10; teamID='72J3HQ2E78', teamName='SYNC RETAIL, S. DE R.L. DE C.V.'>'>
	<IDEDistributionContext: 0x7fc80afd41a0; archive = '<IDEArchive: 0x7fc803ef6840>', distributionMethod='<IDEDistributionMethodiOSAppStoreValidation: 0x7fc803acafd0>', team='<IDEProvisioningBasicTeam: 0x7fc808f65b10; teamID='72J3HQ2E78', teamName='SYNC RETAIL, S. DE R.L. DE C.V.'>'>
	<IDEDistributionContext: 0x7fc809455be0; archive = '<IDEArchive: 0x7fc803ef6840>', distributionMethod='<IDEDistributionMethodiOSAppStoreValidation: 0x7fc803acafd0>', team='<IDEProvisioningBasicTeam: 0x7fc808f65b10; teamID='72J3HQ2E78', teamName='SYNC RETAIL, S. DE R.L. DE C.V.'>'>
	<IDEDistributionContext: 0x7fc8094c6140; archive = '<IDEArchive: 0x7fc803ef6840>', distributionMethod='<IDEDistributionMethodiOSAppStoreValidation: 0x7fc803acafd0>', team='<IDEProvisioningBasicTeam: 0x7fc808f65b10; teamID='72J3HQ2E78', teamName='SYNC RETAIL, S. DE R.L. DE C.V.'>'>
	<IDEDistributionContext: 0x7fc80a6dfa60; archive = '<IDEArchive: 0x7fc803ef6840>', distributionMethod='<IDEDistributionMethodiOSAppStoreValidation: 0x7fc803acafd0>', team='<IDEProvisioningBasicTeam: 0x7fc808f65b10; teamID='72J3HQ2E78', teamName='SYNC RETAIL, S. DE R.L. DE C.V.'>'>
	<IDEDistributionContext: 0x7fc80a981c90; archive = '<IDEArchive: 0x7fc803ef6840>', distributionMethod='<IDEDistributionMethodiOSAppStoreValidation: 0x7fc803acafd0>', team='<IDEProvisioningBasicTeam: 0x7fc808f65b10; teamID='72J3HQ2E78', teamName='SYNC RETAIL, S. DE R.L. DE C.V.'>'>
	<IDEDistributionContext: 0x7fc820bcb160; archive = '<IDEArchive: 0x7fc803ef6840>', distributionMethod='<IDEDistributionMethodiOSAppStoreValidation: 0x7fc803acafd0>', team='<IDEProvisioningBasicTeam: 0x7fc808f65b10; teamID='72J3HQ2E78', teamName='SYNC RETAIL, S. DE R.L. DE C.V.'>'>
	<IDEDistributionContext: 0x7fc80a98e460; archive = '<IDEArchive: 0x7fc803ef6840>', distributionMethod='(null)', team='(null)'>
</IDEDistributionProcessingPipelineContext: 0x7fc8083b54c0>
2018-05-06 02:49:38 +0000  Processing step: IDEDistributionCreateDestRootStep
2018-05-06 02:49:38 +0000  Processing step: IDEDistributionCopyItemStep
2018-05-06 02:49:38 +0000  Running /usr/bin/ditto '-V' '/Users/juan_navarro/Library/Developer/Xcode/Archives/2018-05-05/sbxreports 5-5-18, 9.46 PM.xcarchive/Products/Applications/sbxreports.app' '/var/folders/wc/vcqy7x4d7556kks1zl5hcmgh0000gp/T/XcodeDistPipeline.QZw/Root/Payload/sbxreports.app'
2018-05-06 02:49:38 +0000  >>> Copying /Users/juan_navarro/Library/Developer/Xcode/Archives/2018-05-05/sbxreports 5-5-18, 9.46 PM.xcarchive/Products/Applications/sbxreports.app 
2018-05-06 02:49:38 +0000  copying file ./_CodeSignature/CodeResources ... 
2018-05-06 02:49:38 +0000  10835 bytes for ./_CodeSignature/CodeResources
2018-05-06 02:49:38 +0000  copying file ./Octicons.ttf ... 
2018-05-06 02:49:38 +0000  27428 bytes for ./Octicons.ttf
copying file ./AppIcon20x20@2x.png ... 
2018-05-06 02:49:38 +0000  3609 bytes for ./AppIcon20x20@2x.png
2018-05-06 02:49:38 +0000  copying file ./Entypo.ttf ... 
2018-05-06 02:49:38 +0000  65584 bytes for ./Entypo.ttf
2018-05-06 02:49:38 +0000  copying file ./AppIcon20x20@3x.png ... 
2018-05-06 02:49:38 +0000  5420 bytes for ./AppIcon20x20@3x.png
2018-05-06 02:49:38 +0000  copying file ./MaterialCommunityIcons.ttf ... 
2018-05-06 02:49:38 +0000  292556 bytes for ./MaterialCommunityIcons.ttf
copying file ./AppIcon60x60@2x.png ... 
2018-05-06 02:49:38 +0000  10534 bytes for ./AppIcon60x60@2x.png
2018-05-06 02:49:38 +0000  copying file ./AppIcon29x29@2x.png ... 
2018-05-06 02:49:38 +0000  5306 bytes for ./AppIcon29x29@2x.png
2018-05-06 02:49:38 +0000  copying file ./AppIcon40x40@3x.png ... 
2018-05-06 02:49:38 +0000  10534 bytes for ./AppIcon40x40@3x.png
2018-05-06 02:49:38 +0000  copying file ./Foundation.ttf ... 
2018-05-06 02:49:38 +0000  56976 bytes for ./Foundation.ttf
2018-05-06 02:49:38 +0000  copying file ./Ionicons.ttf ... 
2018-05-06 02:49:38 +0000  143936 bytes for ./Ionicons.ttf
copying file ./AppIcon40x40@2x.png ... 
2018-05-06 02:49:38 +0000  6549 bytes for ./AppIcon40x40@2x.png
copying file ./AppIcon29x29@3x.png ... 
2018-05-06 02:49:38 +0000  7231 bytes for ./AppIcon29x29@3x.png
2018-05-06 02:49:38 +0000  copying file ./AppIcon60x60@3x.png ... 
2018-05-06 02:49:38 +0000  13379 bytes for ./AppIcon60x60@3x.png
2018-05-06 02:49:38 +0000  copying file ./Base.lproj/LaunchScreen.nib ... 
2018-05-06 02:49:38 +0000  3099 bytes for ./Base.lproj/LaunchScreen.nib
2018-05-06 02:49:38 +0000  copying file ./FontAwesome.ttf ... 
2018-05-06 02:49:38 +0000  165548 bytes for ./FontAwesome.ttf
copying file ./Zocial.ttf ... 
2018-05-06 02:49:38 +0000  25552 bytes for ./Zocial.ttf
2018-05-06 02:49:38 +0000  copying file ./Assets.car ... 
2018-05-06 02:49:38 +0000  182840 bytes for ./Assets.car
copying file ./main.jsbundle.meta ... 
2018-05-06 02:49:38 +0000  21 bytes for ./main.jsbundle.meta
2018-05-06 02:49:38 +0000  copying file ./EvilIcons.ttf ... 
2018-05-06 02:49:38 +0000  13128 bytes for ./EvilIcons.ttf
2018-05-06 02:49:38 +0000  copying file ./main.jsbundle ... 
2018-05-06 02:49:38 +0000  1115883 bytes for ./main.jsbundle
copying file ./sbxreports ... 
2018-05-06 02:49:38 +0000  66533152 bytes for ./sbxreports
copying file ./SimpleLineIcons.ttf ... 
2018-05-06 02:49:38 +0000  54056 bytes for ./SimpleLineIcons.ttf
copying file ./embedded.mobileprovision ... 
2018-05-06 02:49:38 +0000  8153 bytes for ./embedded.mobileprovision
2018-05-06 02:49:38 +0000  copying file ./assets/images/sbx_icon_phone.png ... 
2018-05-06 02:49:38 +0000  7387 bytes for ./assets/images/sbx_icon_phone.png
2018-05-06 02:49:38 +0000  copying file ./assets/images/login_background.png ... 
2018-05-06 02:49:38 +0000  6313805 bytes for ./assets/images/login_background.png
2018-05-06 02:49:38 +0000  copying file ./assets/node_modules/react-navigation/src/views/assets/back-icon@3x.png ... 
950 bytes for ./assets/node_modules/react-navigation/src/views/assets/back-icon@3x.png
copying file ./assets/node_modules/react-navigation/src/views/assets/back-icon@2x.png ... 
792 bytes for ./assets/node_modules/react-navigation/src/views/assets/back-icon@2x.png
copying file ./assets/node_modules/react-navigation/src/views/assets/back-icon.png ... 
518 bytes for ./assets/node_modules/react-navigation/src/views/assets/back-icon.png
copying file ./Info.plist ... 
1638 bytes for ./Info.plist
copying file ./PkgInfo ... 
2018-05-06 02:49:38 +0000  8 bytes for ./PkgInfo
copying file ./MaterialIcons.ttf ... 
2018-05-06 02:49:38 +0000  128180 bytes for ./MaterialIcons.ttf
2018-05-06 02:49:38 +0000  2018-05-06 02:49:38 +0000  

2018-05-06 02:49:38 +0000  /usr/bin/ditto exited with 0
2018-05-06 02:49:38 +0000  2018-05-06 02:49:38 +0000  

2018-05-06 02:49:38 +0000  Processing step: IDEDistributionEmbedProfileStep
2018-05-06 02:49:38 +0000  Processing step: IDEDistributionItemRemovalStep
2018-05-06 02:49:38 +0000  Processing step: IDEDistributionAppThinningPlistStep
2018-05-06 02:49:38 +0000  Skipping step: IDEDistributionAppThinningPlistStep because it said so
2018-05-06 02:49:38 +0000  Processing step: IDEDistributionCompileBitcodeStep
2018-05-06 02:49:38 +0000  Skipping step: IDEDistributionCompileBitcodeStep because it said so
2018-05-06 02:49:38 +0000  Processing step: IDEDistributionCodeSlimmingStep
2018-05-06 02:49:38 +0000  Processing step: IDEDistributionCopyBCSymbolMapsStep
2018-05-06 02:49:38 +0000  Running /usr/bin/ditto '-V' '/Users/juan_navarro/Library/Developer/Xcode/Archives/2018-05-05/sbxreports 5-5-18, 9.46 PM.xcarchive/BCSymbolMaps/8054DA45-2EC5-3ADA-8B15-61696BD57C41.bcsymbolmap' '/var/folders/wc/vcqy7x4d7556kks1zl5hcmgh0000gp/T/XcodeDistPipeline.QZw/Root/BCSymbolMaps/8054DA45-2EC5-3ADA-8B15-61696BD57C41.bcsymbolmap'
2018-05-06 02:49:38 +0000  >>> Copying /Users/juan_navarro/Library/Developer/Xcode/Archives/2018-05-05/sbxreports 5-5-18, 9.46 PM.xcarchive/BCSymbolMaps/8054DA45-2EC5-3ADA-8B15-61696BD57C41.bcsymbolmap 
2018-05-06 02:49:38 +0000  copying file ./8054DA45-2EC5-3ADA-8B15-61696BD57C41.bcsymbolmap ... 
2018-05-06 02:49:39 +0000  2084426 bytes for ./8054DA45-2EC5-3ADA-8B15-61696BD57C41.bcsymbolmap
2018-05-06 02:49:39 +0000  2018-05-06 02:49:39 +0000  /usr/bin/ditto exited with 0

2018-05-06 02:49:39 +0000  
2018-05-06 02:49:39 +0000  
2018-05-06 02:49:39 +0000  Running /usr/bin/ditto '-V' '/Users/juan_navarro/Library/Developer/Xcode/Archives/2018-05-05/sbxreports 5-5-18, 9.46 PM.xcarchive/BCSymbolMaps/7AC6D7E0-89CA-3700-AAE0-4F2022FC4191.bcsymbolmap' '/var/folders/wc/vcqy7x4d7556kks1zl5hcmgh0000gp/T/XcodeDistPipeline.QZw/Root/BCSymbolMaps/7AC6D7E0-89CA-3700-AAE0-4F2022FC4191.bcsymbolmap'
2018-05-06 02:49:39 +0000  >>> Copying /Users/juan_navarro/Library/Developer/Xcode/Archives/2018-05-05/sbxreports 5-5-18, 9.46 PM.xcarchive/BCSymbolMaps/7AC6D7E0-89CA-3700-AAE0-4F2022FC4191.bcsymbolmap 
2018-05-06 02:49:39 +0000  copying file ./7AC6D7E0-89CA-3700-AAE0-4F2022FC4191.bcsymbolmap ... 
2018-05-06 02:49:39 +0000  2131258 bytes for ./7AC6D7E0-89CA-3700-AAE0-4F2022FC4191.bcsymbolmap
2018-05-06 02:49:39 +0000  2018-05-06 02:49:39 +0000  /usr/bin/ditto exited with 0

2018-05-06 02:49:39 +0000  
2018-05-06 02:49:39 +0000  
2018-05-06 02:49:39 +0000  Processing step: IDEDistributionSymbolsStep
2018-05-06 02:49:39 +0000  Excluding symbols for sbxreports.app
2018-05-06 02:49:39 +0000  Processing step: IDEDistributionCopyAppleProvidedContentStep
2018-05-06 02:49:39 +0000  Processing step: IDEDistributionAppThinningStep
2018-05-06 02:49:39 +0000  Skipping step: IDEDistributionAppThinningStep because it said so
2018-05-06 02:49:39 +0000  Processing step: IDEDistributionODRStep
2018-05-06 02:49:39 +0000  Processing step: IDEDistributionStripXattrsStep
2018-05-06 02:49:39 +0000  Running /usr/bin/xattr '-crs' '/var/folders/wc/vcqy7x4d7556kks1zl5hcmgh0000gp/T/XcodeDistPipeline.QZw/Root/Payload/sbxreports.app'
2018-05-06 02:49:39 +0000  2018-05-06 02:49:39 +0000  2018-05-06 02:49:39 +0000  /usr/bin/xattr exited with 0


2018-05-06 02:49:39 +0000  Processing step: IDEDistributionCodesignStep
2018-05-06 02:49:39 +0000  Entitlements for <IDEDistributionItem: 0x7fc8091495e0 'com.sbxretail.sbxreports' '<DVTFilePath:0x7fc809208860:'/Users/juan_navarro/Library/Developer/Xcode/Archives/2018-05-05/sbxreports 5-5-18, 9.46 PM.xcarchive/Products/Applications/sbxreports.app'>'>: {
    "application-identifier" = "72J3HQ2E78.com.sbxretail.sbxreports";
    "beta-reports-active" = 1;
    "com.apple.developer.team-identifier" = 72J3HQ2E78;
    "get-task-allow" = 0;
    "keychain-access-groups" =     (
        "72J3HQ2E78.com.sbxretail.sbxreports"
    );
}
2018-05-06 02:49:39 +0000  Writing entitlements for <IDEDistributionItem: 0x7fc8091495e0 'com.sbxretail.sbxreports' '<DVTFilePath:0x7fc809208860:'/Users/juan_navarro/Library/Developer/Xcode/Archives/2018-05-05/sbxreports 5-5-18, 9.46 PM.xcarchive/Products/Applications/sbxreports.app'>'> to: /var/folders/wc/vcqy7x4d7556kks1zl5hcmgh0000gp/T/XcodeDistPipeline.QZw/entitlements2dT48L
2018-05-06 02:49:39 +0000  Running /usr/bin/codesign '-vvv' '--force' '--sign' '88F8D3773E32EE34783FAA16BB5FF0FA76518F1B' '--preserve-metadata=identifier,flags' '--entitlements' '/var/folders/wc/vcqy7x4d7556kks1zl5hcmgh0000gp/T/XcodeDistPipeline.QZw/entitlements2dT48L' '/var/folders/wc/vcqy7x4d7556kks1zl5hcmgh0000gp/T/XcodeDistPipeline.QZw/Root/Payload/sbxreports.app'
2018-05-06 02:49:40 +0000  /var/folders/wc/vcqy7x4d7556kks1zl5hcmgh0000gp/T/XcodeDistPipeline.QZw/Root/Payload/sbxreports.app: signed app bundle with Mach-O universal (armv7 arm64) [com.sbxretail.sbxreports]
2018-05-06 02:49:40 +0000  2018-05-06 02:49:40 +0000  

2018-05-06 02:49:40 +0000  /usr/bin/codesign exited with 0
2018-05-06 02:49:40 +0000  2018-05-06 02:49:40 +0000  

2018-05-06 02:49:40 +0000  Processing step: IDEDistributionStreamingZipItemStep
2018-05-06 02:49:40 +0000  Skipping step: IDEDistributionStreamingZipItemStep because it said so
2018-05-06 02:49:40 +0000  Processing step: IDEDistributionCreateIPAStep
2018-05-06 02:49:40 +0000  Running /usr/bin/ditto '-V' '-c' '-k' '--norsrc' '/var/folders/wc/vcqy7x4d7556kks1zl5hcmgh0000gp/T/XcodeDistPipeline.QZw/Root' '/var/folders/wc/vcqy7x4d7556kks1zl5hcmgh0000gp/T/XcodeDistPipeline.QZw/Packages/sbxreports.ipa'
2018-05-06 02:49:40 +0000  >>> Copying /var/folders/wc/vcqy7x4d7556kks1zl5hcmgh0000gp/T/XcodeDistPipeline.QZw/Root 
2018-05-06 02:49:40 +0000  copying file ./BCSymbolMaps/7AC6D7E0-89CA-3700-AAE0-4F2022FC4191.bcsymbolmap ... 
2018-05-06 02:49:40 +0000  2131258 bytes for ./BCSymbolMaps/7AC6D7E0-89CA-3700-AAE0-4F2022FC4191.bcsymbolmap
copying file ./BCSymbolMaps/8054DA45-2EC5-3ADA-8B15-61696BD57C41.bcsymbolmap ... 
2018-05-06 02:49:40 +0000  2084426 bytes for ./BCSymbolMaps/8054DA45-2EC5-3ADA-8B15-61696BD57C41.bcsymbolmap
2018-05-06 02:49:40 +0000  copying file ./Payload/sbxreports.app/_CodeSignature/CodeResources ... 
2018-05-06 02:49:40 +0000  10835 bytes for ./Payload/sbxreports.app/_CodeSignature/CodeResources
2018-05-06 02:49:40 +0000  copying file ./Payload/sbxreports.app/Octicons.ttf ... 
2018-05-06 02:49:40 +0000  27428 bytes for ./Payload/sbxreports.app/Octicons.ttf
copying file ./Payload/sbxreports.app/AppIcon20x20@2x.png ... 
2018-05-06 02:49:40 +0000  3609 bytes for ./Payload/sbxreports.app/AppIcon20x20@2x.png
2018-05-06 02:49:40 +0000  copying file ./Payload/sbxreports.app/Entypo.ttf ... 
2018-05-06 02:49:40 +0000  65584 bytes for ./Payload/sbxreports.app/Entypo.ttf
2018-05-06 02:49:40 +0000  copying file ./Payload/sbxreports.app/AppIcon20x20@3x.png ... 
2018-05-06 02:49:40 +0000  5420 bytes for ./Payload/sbxreports.app/AppIcon20x20@3x.png
copying file ./Payload/sbxreports.app/MaterialCommunityIcons.ttf ... 
2018-05-06 02:49:40 +0000  292556 bytes for ./Payload/sbxreports.app/MaterialCommunityIcons.ttf
copying file ./Payload/sbxreports.app/AppIcon60x60@2x.png ... 
2018-05-06 02:49:40 +0000  10534 bytes for ./Payload/sbxreports.app/AppIcon60x60@2x.png
copying file ./Payload/sbxreports.app/AppIcon29x29@2x.png ... 
2018-05-06 02:49:40 +0000  5306 bytes for ./Payload/sbxreports.app/AppIcon29x29@2x.png
2018-05-06 02:49:40 +0000  copying file ./Payload/sbxreports.app/AppIcon40x40@3x.png ... 
2018-05-06 02:49:40 +0000  10534 bytes for ./Payload/sbxreports.app/AppIcon40x40@3x.png
2018-05-06 02:49:40 +0000  copying file ./Payload/sbxreports.app/Foundation.ttf ... 
2018-05-06 02:49:40 +0000  56976 bytes for ./Payload/sbxreports.app/Foundation.ttf
copying file ./Payload/sbxreports.app/Ionicons.ttf ... 
2018-05-06 02:49:40 +0000  143936 bytes for ./Payload/sbxreports.app/Ionicons.ttf
2018-05-06 02:49:40 +0000  copying file ./Payload/sbxreports.app/AppIcon40x40@2x.png ... 
2018-05-06 02:49:40 +0000  6549 bytes for ./Payload/sbxreports.app/AppIcon40x40@2x.png
2018-05-06 02:49:40 +0000  copying file ./Payload/sbxreports.app/AppIcon29x29@3x.png ... 
2018-05-06 02:49:40 +0000  7231 bytes for ./Payload/sbxreports.app/AppIcon29x29@3x.png
2018-05-06 02:49:40 +0000  copying file ./Payload/sbxreports.app/AppIcon60x60@3x.png ... 
2018-05-06 02:49:40 +0000  13379 bytes for ./Payload/sbxreports.app/AppIcon60x60@3x.png
2018-05-06 02:49:40 +0000  copying file ./Payload/sbxreports.app/Base.lproj/LaunchScreen.nib ... 
2018-05-06 02:49:40 +0000  3099 bytes for ./Payload/sbxreports.app/Base.lproj/LaunchScreen.nib
copying file ./Payload/sbxreports.app/FontAwesome.ttf ... 
2018-05-06 02:49:40 +0000  165548 bytes for ./Payload/sbxreports.app/FontAwesome.ttf
copying file ./Payload/sbxreports.app/Zocial.ttf ... 
2018-05-06 02:49:40 +0000  25552 bytes for ./Payload/sbxreports.app/Zocial.ttf
copying file ./Payload/sbxreports.app/Assets.car ... 
2018-05-06 02:49:40 +0000  182840 bytes for ./Payload/sbxreports.app/Assets.car
2018-05-06 02:49:40 +0000  copying file ./Payload/sbxreports.app/main.jsbundle.meta ... 
21 bytes for ./Payload/sbxreports.app/main.jsbundle.meta
copying file ./Payload/sbxreports.app/EvilIcons.ttf ... 
2018-05-06 02:49:40 +0000  13128 bytes for ./Payload/sbxreports.app/EvilIcons.ttf
2018-05-06 02:49:40 +0000  copying file ./Payload/sbxreports.app/main.jsbundle ... 
2018-05-06 02:49:40 +0000  1115883 bytes for ./Payload/sbxreports.app/main.jsbundle
copying file ./Payload/sbxreports.app/sbxreports ... 
2018-05-06 02:49:42 +0000  56819696 bytes for ./Payload/sbxreports.app/sbxreports
copying file ./Payload/sbxreports.app/SimpleLineIcons.ttf ... 
2018-05-06 02:49:42 +0000  54056 bytes for ./Payload/sbxreports.app/SimpleLineIcons.ttf
2018-05-06 02:49:42 +0000  copying file ./Payload/sbxreports.app/embedded.mobileprovision ... 
2018-05-06 02:49:42 +0000  7580 bytes for ./Payload/sbxreports.app/embedded.mobileprovision
2018-05-06 02:49:42 +0000  copying file ./Payload/sbxreports.app/assets/images/sbx_icon_phone.png ... 
2018-05-06 02:49:42 +0000  7387 bytes for ./Payload/sbxreports.app/assets/images/sbx_icon_phone.png
2018-05-06 02:49:42 +0000  copying file ./Payload/sbxreports.app/assets/images/login_background.png ... 
2018-05-06 02:49:42 +0000  6313805 bytes for ./Payload/sbxreports.app/assets/images/login_background.png
2018-05-06 02:49:42 +0000  copying file ./Payload/sbxreports.app/assets/node_modules/react-navigation/src/views/assets/back-icon@3x.png ... 
2018-05-06 02:49:42 +0000  950 bytes for ./Payload/sbxreports.app/assets/node_modules/react-navigation/src/views/assets/back-icon@3x.png
copying file ./Payload/sbxreports.app/assets/node_modules/react-navigation/src/views/assets/back-icon@2x.png ... 
2018-05-06 02:49:42 +0000  792 bytes for ./Payload/sbxreports.app/assets/node_modules/react-navigation/src/views/assets/back-icon@2x.png
copying file ./Payload/sbxreports.app/assets/node_modules/react-navigation/src/views/assets/back-icon.png ... 
2018-05-06 02:49:42 +0000  518 bytes for ./Payload/sbxreports.app/assets/node_modules/react-navigation/src/views/assets/back-icon.png
2018-05-06 02:49:42 +0000  copying file ./Payload/sbxreports.app/Info.plist ... 
2018-05-06 02:49:42 +0000  1638 bytes for ./Payload/sbxreports.app/Info.plist
copying file ./Payload/sbxreports.app/PkgInfo ... 
2018-05-06 02:49:42 +0000  8 bytes for ./Payload/sbxreports.app/PkgInfo
copying file ./Payload/sbxreports.app/MaterialIcons.ttf ... 
2018-05-06 02:49:42 +0000  128180 bytes for ./Payload/sbxreports.app/MaterialIcons.ttf
2018-05-06 02:49:42 +0000  2018-05-06 02:49:42 +0000  

2018-05-06 02:49:42 +0000  /usr/bin/ditto exited with 02018-05-06 02:49:42 +0000  

2018-05-06 02:49:42 +0000  2018-05-06 02:49:42 +0000  Processing step: IDEDistributionCreateManifestStep

2018-05-06 02:49:42 +0000  Skipping step: IDEDistributionCreateManifestStep because it said so
